<?xml version="1.0" encoding="UTF-8"?>
<testng-results ignored="0" total="1" passed="1" failed="0" skipped="0">
  <reporter-output>
  </reporter-output>
  <suite started-at="2022-01-02T17:22:31 IST" name="Default suite" finished-at="2022-01-02T17:22:32 IST" duration-ms="1255">
    <groups>
    </groups>
    <test started-at="2022-01-02T17:22:31 IST" name="Default test" finished-at="2022-01-02T17:22:32 IST" duration-ms="1255">
      <class name="extentReport.ExtentreportTest">
        <test-method signature="report()[pri:0, instance:extentReport.ExtentreportTest@2892dae4]" started-at="2022-01-02T17:22:31 IST" name="report" finished-at="2022-01-02T17:22:32 IST" duration-ms="1194" status="PASS">
          <reporter-output>
          </reporter-output>
        </test-method> <!-- report -->
      </class> <!-- extentReport.ExtentreportTest -->
    </test> <!-- Default test -->
  </suite> <!-- Default suite -->
</testng-results>
